=============== positive tests =====================

Warning: Decoding instance method func without $this! in %s on line 172
Exception: 'A::func' called dynamically but is not __DynamicallyCallable

Warning: Decoding instance method async_func without $this! in %s on line 174
Exception: 'A::async_func' called dynamically but is not __DynamicallyCallable

Warning: Decoding instance method func without $this! in %s on line 177
Exception: 'A::func' called dynamically but is not __DynamicallyCallable

Warning: Decoding instance method async_func without $this! in %s on line 179
Exception: 'A::async_func' called dynamically but is not __DynamicallyCallable
Exception: 'A::func' called dynamically but is not __DynamicallyCallable
Exception: 'A::async_func' called dynamically but is not __DynamicallyCallable
Exception: 'C::__call' called dynamically but is not __DynamicallyCallable
Exception: 'A::func' called dynamically but is not __DynamicallyCallable
Exception: 'A::async_func' called dynamically but is not __DynamicallyCallable
Exception: 'C::__call' called dynamically but is not __DynamicallyCallable

Warning: Decoding instance method func without $this! in %s on line 209
Exception: 'A::func' called dynamically but is not __DynamicallyCallable

Warning: Decoding instance method func without $this! in %s on line 212
Exception: 'A::func' called dynamically but is not __DynamicallyCallable
Exception: 'A::func' called dynamically but is not __DynamicallyCallable
Exception: 'C::__call' called dynamically but is not __DynamicallyCallable
Exception: 'A::func' called dynamically but is not __DynamicallyCallable
Exception: 'C::__call' called dynamically but is not __DynamicallyCallable
Exception: 'A::func' called dynamically but is not __DynamicallyCallable
Exception: 'C::__call' called dynamically but is not __DynamicallyCallable
Exception: 'A::func' called dynamically but is not __DynamicallyCallable
Exception: 'A::cmp' called dynamically but is not __DynamicallyCallable
Exception: 'CCmp::__call' called dynamically but is not __DynamicallyCallable
=============== negative tests =====================

Warning: Decoding instance method func2 without $this! in %s on line 348

Warning: Decoding instance method async_func2 without $this! in %s on line 350

Warning: Decoding instance method func2 without $this! in %s on line 353

Warning: Decoding instance method async_func2 without $this! in %s on line 355

Warning: Decoding instance method func2 without $this! in %s on line 382

Warning: Decoding instance method func2 without $this! in %s on line 385
